mode: set
github.com/eagraf/habitat-new/internal/node/habitat_db/state/schemas/node/schema.go:100.36,102.2 1 1
github.com/eagraf/habitat-new/internal/node/habitat_db/state/schemas/node/schema.go:104.44,106.16 2 1
github.com/eagraf/habitat-new/internal/node/habitat_db/state/schemas/node/schema.go:106.16,108.3 1 0
github.com/eagraf/habitat-new/internal/node/habitat_db/state/schemas/node/schema.go:109.2,109.23 1 1
github.com/eagraf/habitat-new/internal/node/habitat_db/state/schemas/node/schema.go:115.36,117.2 1 0
github.com/eagraf/habitat-new/internal/node/habitat_db/state/schemas/node/schema.go:119.55,123.2 1 1
github.com/eagraf/habitat-new/internal/node/habitat_db/state/schemas/node/schema.go:125.37,127.2 1 1
github.com/eagraf/habitat-new/internal/node/habitat_db/state/schemas/node/schema.go:129.42,131.2 1 0
github.com/eagraf/habitat-new/internal/node/habitat_db/state/schemas/node/schema.go:133.91,136.16 3 0
github.com/eagraf/habitat-new/internal/node/habitat_db/state/schemas/node/schema.go:136.16,138.3 1 0
github.com/eagraf/habitat-new/internal/node/habitat_db/state/schemas/node/schema.go:139.2,141.8 1 0
github.com/eagraf/habitat-new/internal/node/habitat_db/state/schemas/node/transitions.go:23.49,25.2 1 0
github.com/eagraf/habitat-new/internal/node/habitat_db/state/schemas/node/transitions.go:27.84,29.16 2 1
github.com/eagraf/habitat-new/internal/node/habitat_db/state/schemas/node/transitions.go:29.16,31.3 1 0
github.com/eagraf/habitat-new/internal/node/habitat_db/state/schemas/node/transitions.go:33.2,37.23 1 1
github.com/eagraf/habitat-new/internal/node/habitat_db/state/schemas/node/transitions.go:40.77,42.2 1 1
github.com/eagraf/habitat-new/internal/node/habitat_db/state/schemas/node/transitions.go:50.43,52.2 1 0
github.com/eagraf/habitat-new/internal/node/habitat_db/state/schemas/node/transitions.go:54.78,65.2 1 1
github.com/eagraf/habitat-new/internal/node/habitat_db/state/schemas/node/transitions.go:67.71,71.16 3 1
github.com/eagraf/habitat-new/internal/node/habitat_db/state/schemas/node/transitions.go:71.16,73.3 1 0
github.com/eagraf/habitat-new/internal/node/habitat_db/state/schemas/node/transitions.go:75.2,75.37 1 1
github.com/eagraf/habitat-new/internal/node/habitat_db/state/schemas/node/transitions.go:75.37,77.26 2 1
github.com/eagraf/habitat-new/internal/node/habitat_db/state/schemas/node/transitions.go:77.26,79.4 1 0
github.com/eagraf/habitat-new/internal/node/habitat_db/state/schemas/node/transitions.go:79.9,79.41 1 1
github.com/eagraf/habitat-new/internal/node/habitat_db/state/schemas/node/transitions.go:79.41,81.4 1 1
github.com/eagraf/habitat-new/internal/node/habitat_db/state/schemas/node/transitions.go:83.2,83.12 1 1
github.com/eagraf/habitat-new/internal/node/habitat_db/state/schemas/node/transitions.go:96.53,98.2 1 0
github.com/eagraf/habitat-new/internal/node/habitat_db/state/schemas/node/transitions.go:100.88,103.16 3 1
github.com/eagraf/habitat-new/internal/node/habitat_db/state/schemas/node/transitions.go:103.16,105.3 1 0
github.com/eagraf/habitat-new/internal/node/habitat_db/state/schemas/node/transitions.go:107.2,107.37 1 1
github.com/eagraf/habitat-new/internal/node/habitat_db/state/schemas/node/transitions.go:107.37,108.26 1 1
github.com/eagraf/habitat-new/internal/node/habitat_db/state/schemas/node/transitions.go:108.26,122.4 1 1
github.com/eagraf/habitat-new/internal/node/habitat_db/state/schemas/node/transitions.go:124.2,124.63 1 0
github.com/eagraf/habitat-new/internal/node/habitat_db/state/schemas/node/transitions.go:127.81,130.16 3 1
github.com/eagraf/habitat-new/internal/node/habitat_db/state/schemas/node/transitions.go:130.16,132.3 1 0
github.com/eagraf/habitat-new/internal/node/habitat_db/state/schemas/node/transitions.go:134.2,134.37 1 1
github.com/eagraf/habitat-new/internal/node/habitat_db/state/schemas/node/transitions.go:134.37,135.26 1 1
github.com/eagraf/habitat-new/internal/node/habitat_db/state/schemas/node/transitions.go:135.26,136.46 1 1
github.com/eagraf/habitat-new/internal/node/habitat_db/state/schemas/node/transitions.go:136.46,137.89 1 1
github.com/eagraf/habitat-new/internal/node/habitat_db/state/schemas/node/transitions.go:137.89,138.34 1 1
github.com/eagraf/habitat-new/internal/node/habitat_db/state/schemas/node/transitions.go:138.34,140.7 1 1
github.com/eagraf/habitat-new/internal/node/habitat_db/state/schemas/node/transitions.go:140.12,142.7 1 0
github.com/eagraf/habitat-new/internal/node/habitat_db/state/schemas/node/transitions.go:148.2,148.12 1 1
github.com/eagraf/habitat-new/internal/node/habitat_db/state/schemas/node/transitions.go:157.54,159.2 1 0
github.com/eagraf/habitat-new/internal/node/habitat_db/state/schemas/node/transitions.go:161.89,164.16 3 1
github.com/eagraf/habitat-new/internal/node/habitat_db/state/schemas/node/transitions.go:164.16,166.3 1 0
github.com/eagraf/habitat-new/internal/node/habitat_db/state/schemas/node/transitions.go:168.2,168.37 1 1
github.com/eagraf/habitat-new/internal/node/habitat_db/state/schemas/node/transitions.go:168.37,169.26 1 1
github.com/eagraf/habitat-new/internal/node/habitat_db/state/schemas/node/transitions.go:169.26,170.46 1 1
github.com/eagraf/habitat-new/internal/node/habitat_db/state/schemas/node/transitions.go:170.46,171.89 1 1
github.com/eagraf/habitat-new/internal/node/habitat_db/state/schemas/node/transitions.go:171.89,177.6 1 1
github.com/eagraf/habitat-new/internal/node/habitat_db/state/schemas/node/transitions.go:181.2,181.63 1 0
github.com/eagraf/habitat-new/internal/node/habitat_db/state/schemas/node/transitions.go:184.82,187.16 3 1
github.com/eagraf/habitat-new/internal/node/habitat_db/state/schemas/node/transitions.go:187.16,189.3 1 0
github.com/eagraf/habitat-new/internal/node/habitat_db/state/schemas/node/transitions.go:191.2,191.37 1 1
github.com/eagraf/habitat-new/internal/node/habitat_db/state/schemas/node/transitions.go:191.37,192.26 1 1
github.com/eagraf/habitat-new/internal/node/habitat_db/state/schemas/node/transitions.go:192.26,193.46 1 1
github.com/eagraf/habitat-new/internal/node/habitat_db/state/schemas/node/transitions.go:193.46,194.89 1 1
github.com/eagraf/habitat-new/internal/node/habitat_db/state/schemas/node/transitions.go:194.89,195.35 1 1
github.com/eagraf/habitat-new/internal/node/habitat_db/state/schemas/node/transitions.go:195.35,197.7 1 0
github.com/eagraf/habitat-new/internal/node/habitat_db/state/schemas/node/transitions.go:197.12,199.7 1 1
github.com/eagraf/habitat-new/internal/node/habitat_db/state/schemas/node/transitions.go:205.2,205.78 1 0
github.com/eagraf/habitat-new/internal/node/pubsub/fx.go:3.82,5.31 2 0
github.com/eagraf/habitat-new/internal/node/pubsub/fx.go:5.31,7.3 1 0
github.com/eagraf/habitat-new/internal/node/pubsub/fx.go:9.2,9.18 1 0
github.com/eagraf/habitat-new/internal/node/pubsub/pubsub.go:25.56,29.2 1 1
github.com/eagraf/habitat-new/internal/node/pubsub/pubsub.go:31.55,32.34 1 1
github.com/eagraf/habitat-new/internal/node/pubsub/pubsub.go:32.34,34.17 2 1
github.com/eagraf/habitat-new/internal/node/pubsub/pubsub.go:34.17,36.4 1 1
github.com/eagraf/habitat-new/internal/node/pubsub/pubsub.go:39.2,39.12 1 1
github.com/eagraf/habitat-new/internal/node/pubsub/pubsub.go:42.61,44.2 1 1
github.com/eagraf/habitat-new/internal/node/reverse_proxy/proxy.go:29.86,35.44 2 0
github.com/eagraf/habitat-new/internal/node/reverse_proxy/proxy.go:35.44,40.4 4 0
github.com/eagraf/habitat-new/internal/node/reverse_proxy/proxy.go:41.43,43.4 1 0
github.com/eagraf/habitat-new/internal/node/reverse_proxy/proxy.go:45.2,45.23 1 0
github.com/eagraf/habitat-new/internal/node/reverse_proxy/proxy.go:48.73,49.31 1 1
github.com/eagraf/habitat-new/internal/node/reverse_proxy/proxy.go:49.31,50.24 1 1
github.com/eagraf/habitat-new/internal/node/reverse_proxy/proxy.go:50.24,53.4 2 1
github.com/eagraf/habitat-new/internal/node/reverse_proxy/proxy.go:56.2,56.36 1 0
github.com/eagraf/habitat-new/internal/node/reverse_proxy/proxy.go:59.48,61.16 2 0
github.com/eagraf/habitat-new/internal/node/reverse_proxy/proxy.go:61.16,63.3 1 0
github.com/eagraf/habitat-new/internal/node/reverse_proxy/proxy.go:64.2,70.12 4 0
github.com/eagraf/habitat-new/internal/node/reverse_proxy/proxy.go:73.52,74.26 1 1
github.com/eagraf/habitat-new/internal/node/reverse_proxy/proxy.go:74.26,76.3 1 0
github.com/eagraf/habitat-new/internal/node/reverse_proxy/proxy.go:77.2,78.12 2 1
github.com/eagraf/habitat-new/internal/node/reverse_proxy/proxy.go:81.44,82.27 1 0
github.com/eagraf/habitat-new/internal/node/reverse_proxy/proxy.go:82.27,84.3 1 0
github.com/eagraf/habitat-new/internal/node/reverse_proxy/proxy.go:85.2,86.12 2 0
github.com/eagraf/habitat-new/internal/node/reverse_proxy/proxy.go:99.51,103.2 1 1
github.com/eagraf/habitat-new/internal/node/reverse_proxy/proxy.go:105.49,110.2 1 1
github.com/eagraf/habitat-new/internal/node/reverse_proxy/proxy.go:117.79,122.27 3 1
github.com/eagraf/habitat-new/internal/node/reverse_proxy/proxy.go:122.27,126.3 2 0
github.com/eagraf/habitat-new/internal/node/reverse_proxy/proxy.go:128.2,128.51 1 1
github.com/eagraf/habitat-new/internal/node/reverse_proxy/proxy.go:136.49,140.2 1 1
github.com/eagraf/habitat-new/internal/node/reverse_proxy/proxy.go:142.47,146.37 2 1
github.com/eagraf/habitat-new/internal/node/reverse_proxy/proxy.go:146.37,150.4 3 1
github.com/eagraf/habitat-new/internal/node/reverse_proxy/proxy.go:156.50,158.4 1 1
github.com/eagraf/habitat-new/internal/node/reverse_proxy/proxy.go:159.74,163.4 3 0
github.com/eagraf/habitat-new/internal/node/reverse_proxy/proxy.go:167.73,168.21 1 0
github.com/eagraf/habitat-new/internal/node/reverse_proxy/proxy.go:171.27,175.9 1 0
github.com/eagraf/habitat-new/internal/node/reverse_proxy/proxy.go:176.25,178.17 2 0
github.com/eagraf/habitat-new/internal/node/reverse_proxy/proxy.go:178.17,180.4 1 0
github.com/eagraf/habitat-new/internal/node/reverse_proxy/proxy.go:181.3,184.9 1 0
github.com/eagraf/habitat-new/internal/node/reverse_proxy/proxy.go:185.10,186.63 1 0
github.com/eagraf/habitat-new/internal/node/reverse_proxy/rules.go:18.39,21.2 1 0
github.com/eagraf/habitat-new/pkg/raft/transport/helpers.go:34.74,35.17 1 1
github.com/eagraf/habitat-new/pkg/raft/transport/helpers.go:36.24,39.17 3 1
github.com/eagraf/habitat-new/pkg/raft/transport/helpers.go:39.17,41.4 1 0
github.com/eagraf/habitat-new/pkg/raft/transport/helpers.go:42.3,42.19 1 1
github.com/eagraf/habitat-new/pkg/raft/transport/helpers.go:43.22,46.17 3 0
github.com/eagraf/habitat-new/pkg/raft/transport/helpers.go:46.17,48.4 1 0
github.com/eagraf/habitat-new/pkg/raft/transport/helpers.go:49.3,49.19 1 0
github.com/eagraf/habitat-new/pkg/raft/transport/helpers.go:50.26,53.17 3 0
github.com/eagraf/habitat-new/pkg/raft/transport/helpers.go:53.17,55.4 1 0
github.com/eagraf/habitat-new/pkg/raft/transport/helpers.go:56.3,56.19 1 0
github.com/eagraf/habitat-new/pkg/raft/transport/helpers.go:57.21,60.17 3 0
github.com/eagraf/habitat-new/pkg/raft/transport/helpers.go:60.17,62.4 1 0
github.com/eagraf/habitat-new/pkg/raft/transport/helpers.go:63.3,63.19 1 0
github.com/eagraf/habitat-new/pkg/raft/transport/helpers.go:64.10,65.64 1 0
github.com/eagraf/habitat-new/pkg/raft/transport/helpers.go:69.78,70.17 1 0
github.com/eagraf/habitat-new/pkg/raft/transport/helpers.go:71.24,73.17 2 0
github.com/eagraf/habitat-new/pkg/raft/transport/helpers.go:73.17,75.4 1 0
github.com/eagraf/habitat-new/pkg/raft/transport/helpers.go:76.22,78.17 2 0
github.com/eagraf/habitat-new/pkg/raft/transport/helpers.go:78.17,80.4 1 0
github.com/eagraf/habitat-new/pkg/raft/transport/helpers.go:81.26,83.17 2 0
github.com/eagraf/habitat-new/pkg/raft/transport/helpers.go:83.17,85.4 1 0
github.com/eagraf/habitat-new/pkg/raft/transport/helpers.go:86.21,88.17 2 0
github.com/eagraf/habitat-new/pkg/raft/transport/helpers.go:88.17,90.4 1 0
github.com/eagraf/habitat-new/pkg/raft/transport/helpers.go:91.10,92.59 1 0
github.com/eagraf/habitat-new/pkg/raft/transport/helpers.go:95.2,95.12 1 0
github.com/eagraf/habitat-new/pkg/raft/transport/http_transport.go:26.63,33.2 1 0
github.com/eagraf/habitat-new/pkg/raft/transport/http_transport.go:35.53,37.2 1 0
github.com/eagraf/habitat-new/pkg/raft/transport/http_transport.go:39.57,41.2 1 0
github.com/eagraf/habitat-new/pkg/raft/transport/http_transport.go:43.122,48.2 1 0
github.com/eagraf/habitat-new/pkg/raft/transport/http_transport.go:50.158,52.2 1 0
github.com/eagraf/habitat-new/pkg/raft/transport/http_transport.go:54.152,56.2 1 0
github.com/eagraf/habitat-new/pkg/raft/transport/http_transport.go:58.180,60.2 1 0
github.com/eagraf/habitat-new/pkg/raft/transport/http_transport.go:62.87,64.2 1 0
github.com/eagraf/habitat-new/pkg/raft/transport/http_transport.go:66.68,68.2 1 0
github.com/eagraf/habitat-new/pkg/raft/transport/http_transport.go:70.69,74.2 3 0
github.com/eagraf/habitat-new/pkg/raft/transport/http_transport.go:76.149,78.2 1 0
github.com/eagraf/habitat-new/pkg/raft/transport/http_transport.go:80.139,83.16 2 0
github.com/eagraf/habitat-new/pkg/raft/transport/http_transport.go:83.16,85.3 1 0
github.com/eagraf/habitat-new/pkg/raft/transport/http_transport.go:87.2,94.16 3 0
github.com/eagraf/habitat-new/pkg/raft/transport/http_transport.go:94.16,96.3 1 0
github.com/eagraf/habitat-new/pkg/raft/transport/http_transport.go:98.2,99.16 2 0
github.com/eagraf/habitat-new/pkg/raft/transport/http_transport.go:99.16,101.3 1 0
github.com/eagraf/habitat-new/pkg/raft/transport/http_transport.go:103.2,104.16 2 0
github.com/eagraf/habitat-new/pkg/raft/transport/http_transport.go:104.16,106.3 1 0
github.com/eagraf/habitat-new/pkg/raft/transport/http_transport.go:108.2,108.42 1 0
github.com/eagraf/habitat-new/pkg/raft/transport/http_transport.go:108.42,111.3 1 0
github.com/eagraf/habitat-new/pkg/raft/transport/http_transport.go:113.2,115.16 3 0
github.com/eagraf/habitat-new/pkg/raft/transport/http_transport.go:115.16,117.3 1 0
github.com/eagraf/habitat-new/pkg/raft/transport/http_transport.go:119.2,119.57 1 0
